[debug] [2023-11-06T07:21:42.215Z] ----------------------------------------------------------------------
[debug] [2023-11-06T07:21:42.217Z] Command:       C:\Program Files\nodejs\node.exe C:\Users\Joshua\AppData\Roaming\npm\node_modules\firebase-tools\lib\bin\firebase.js emulators:start --only functions
[debug] [2023-11-06T07:21:42.217Z] CLI Version:   12.7.0
[debug] [2023-11-06T07:21:42.218Z] Platform:      win32
[debug] [2023-11-06T07:21:42.218Z] Node Version:  v18.18.0
[debug] [2023-11-06T07:21:42.218Z] Time:          Mon Nov 06 2023 15:21:42 GMT+0800 (Philippine Standard Time)
[debug] [2023-11-06T07:21:42.218Z] ----------------------------------------------------------------------
[debug] 
[debug] [2023-11-06T07:21:42.316Z] > command requires scopes: ["email","openid","https://www.googleapis.com/auth/cloudplatformprojects.readonly","https://www.googleapis.com/auth/firebase","https://www.googleapis.com/auth/cloud-platform"]
[debug] [2023-11-06T07:21:42.317Z] > authorizing via signed-in user (joshua.adille14@gmail.com)
[info] i  emulators: Starting emulators: functions {"metadata":{"emulator":{"name":"hub"},"message":"Starting emulators: functions"}}
[debug] [2023-11-06T07:21:42.324Z] [logging] Logging Emulator only supports listening on one address (127.0.0.1). Not listening on ::1
[debug] [2023-11-06T07:21:42.324Z] assigned listening specs for emulators {"user":{"hub":[{"address":"127.0.0.1","family":"IPv4","port":4400},{"address":"::1","family":"IPv6","port":4400}],"ui":[{"address":"127.0.0.1","family":"IPv4","port":4000},{"address":"::1","family":"IPv6","port":4000}],"logging":[{"address":"127.0.0.1","family":"IPv4","port":4500}]},"metadata":{"message":"assigned listening specs for emulators"}}
[debug] [2023-11-06T07:21:42.332Z] [hub] writing locator at C:\Users\Joshua\AppData\Local\Temp\hub-test-projects-aabaa.json
[debug] [2023-11-06T07:21:42.345Z] [functions] Functions Emulator only supports listening on one address (127.0.0.1). Not listening on ::1
[debug] [2023-11-06T07:21:42.345Z] [eventarc] Eventarc Emulator only supports listening on one address (127.0.0.1). Not listening on ::1
[debug] [2023-11-06T07:21:42.345Z] late-assigned ports for functions and eventarc emulators {"user":{"hub":[{"address":"127.0.0.1","family":"IPv4","port":4400},{"address":"::1","family":"IPv6","port":4400}],"ui":[{"address":"127.0.0.1","family":"IPv4","port":4000},{"address":"::1","family":"IPv6","port":4000}],"logging":[{"address":"127.0.0.1","family":"IPv4","port":4500}],"functions":[{"address":"127.0.0.1","family":"IPv4","port":5001}],"eventarc":[{"address":"127.0.0.1","family":"IPv4","port":9299}]},"metadata":{"message":"late-assigned ports for functions and eventarc emulators"}}
[warn] !  functions: The following emulators are not running, calls to these services from the Functions emulator will affect production: auth, firestore, database, hosting, pubsub, storage {"metadata":{"emulator":{"name":"functions"},"message":"The following emulators are not running, calls to these services from the Functions emulator will affect production: \u001b[1mauth, firestore, database, hosting, pubsub, storage\u001b[22m"}}
[debug] [2023-11-06T07:21:42.349Z] defaultcredentials: writing to file C:\Users\Joshua\AppData\Roaming\firebase\joshua_adille14_gmail.com_application_default_credentials.json
[debug] [2023-11-06T07:21:42.351Z] Setting GAC to C:\Users\Joshua\AppData\Roaming\firebase\joshua_adille14_gmail.com_application_default_credentials.json {"metadata":{"emulator":{"name":"functions"},"message":"Setting GAC to C:\\Users\\Joshua\\AppData\\Roaming\\firebase\\joshua_adille14_gmail.com_application_default_credentials.json"}}
[debug] [2023-11-06T07:21:42.352Z] > refreshing access token with scopes: []
[debug] [2023-11-06T07:21:42.353Z] >>> [apiv2][query] POST https://www.googleapis.com/oauth2/v3/token [none]
[debug] [2023-11-06T07:21:42.353Z] >>> [apiv2][body] POST https://www.googleapis.com/oauth2/v3/token [omitted]
[debug] [2023-11-06T07:21:44.064Z] <<< [apiv2][status] POST https://www.googleapis.com/oauth2/v3/token 200
[debug] [2023-11-06T07:21:44.064Z] <<< [apiv2][body] POST https://www.googleapis.com/oauth2/v3/token [omitted]
[debug] [2023-11-06T07:21:44.070Z] >>> [apiv2][query] GET https://firebase.googleapis.com/v1beta1/projects/test-projects-aabaa/adminSdkConfig [none]
[debug] [2023-11-06T07:21:44.870Z] <<< [apiv2][status] GET https://firebase.googleapis.com/v1beta1/projects/test-projects-aabaa/adminSdkConfig 200
[debug] [2023-11-06T07:21:44.871Z] <<< [apiv2][body] GET https://firebase.googleapis.com/v1beta1/projects/test-projects-aabaa/adminSdkConfig {"projectId":"test-projects-aabaa","storageBucket":"test-projects-aabaa.appspot.com"}
[debug] [2023-11-06T07:21:44.891Z] Ignoring unsupported arg: auto_download {"metadata":{"emulator":{"name":"ui"},"message":"Ignoring unsupported arg: auto_download"}}
[debug] [2023-11-06T07:21:44.891Z] Ignoring unsupported arg: port {"metadata":{"emulator":{"name":"ui"},"message":"Ignoring unsupported arg: port"}}
[debug] [2023-11-06T07:21:44.891Z] Starting Emulator UI with command {"binary":"node","args":["C:\\Users\\Joshua\\.cache\\firebase\\emulators\\ui-v1.11.7\\server\\server.js"],"optionalArgs":[],"joinArgs":false} {"metadata":{"emulator":{"name":"ui"},"message":"Starting Emulator UI with command {\"binary\":\"node\",\"args\":[\"C:\\\\Users\\\\Joshua\\\\.cache\\\\firebase\\\\emulators\\\\ui-v1.11.7\\\\server\\\\server.js\"],\"optionalArgs\":[],\"joinArgs\":false}"}}
[info] i  ui: Emulator UI logging to ui-debug.log {"metadata":{"emulator":{"name":"ui"},"message":"Emulator UI logging to \u001b[1mui-debug.log\u001b[22m"}}
[debug] [2023-11-06T07:21:44.992Z] Web / API server started at 127.0.0.1:4000
 {"metadata":{"emulator":{"name":"ui"},"message":"Web / API server started at 127.0.0.1:4000\n"}}
[debug] [2023-11-06T07:21:44.992Z] Web / API server started at ::1:4000
 {"metadata":{"emulator":{"name":"ui"},"message":"Web / API server started at ::1:4000\n"}}
[info] i  functions: Watching "C:\Users\Joshua\Documents\Codes\Firebase\new-angularfire-app\trial-angularfire\functions" for Cloud Functions... {"metadata":{"emulator":{"name":"functions"},"message":"Watching \"C:\\Users\\Joshua\\Documents\\Codes\\Firebase\\new-angularfire-app\\trial-angularfire\\functions\" for Cloud Functions..."}}
[debug] [2023-11-06T07:21:45.159Z] Validating nodejs source
[warn] !  functions: package.json indicates an outdated version of firebase-functions. Please upgrade using npm install --save firebase-functions@latest in your functions directory. 
[debug] [2023-11-06T07:21:47.198Z] > [functions] package.json contents: {
  "name": "functions",
  "scripts": {
    "lint": "eslint --ext .js,.ts .",
    "build": "tsc",
    "build:watch": "tsc --watch",
    "serve": "npm run build && firebase emulators:start --only functions",
    "shell": "npm run build && firebase functions:shell",
    "start": "npm run shell",
    "deploy": "firebase deploy --only functions",
    "logs": "firebase functions:log"
  },
  "engines": {
    "node": "18"
  },
  "main": "lib/index.js",
  "dependencies": {
    "firebase-admin": "^11.8.0",
    "firebase-functions": "^4.3.1"
  },
  "devDependencies": {
    "@typescript-eslint/eslint-plugin": "^5.12.0",
    "@typescript-eslint/parser": "^5.12.0",
    "eslint": "^8.9.0",
    "eslint-config-google": "^0.14.0",
    "eslint-plugin-import": "^2.25.4",
    "firebase-functions-test": "^3.1.0",
    "typescript": "^4.9.0"
  },
  "private": true
}
[debug] [2023-11-06T07:21:47.198Z] Building nodejs source
[debug] [2023-11-06T07:21:47.198Z] Failed to find version of module node: reached end of search path C:\Users\Joshua\Documents\Codes\Firebase\new-angularfire-app\trial-angularfire\functions\node_modules
[info] +  functions: Using node@18 from host. 
[debug] [2023-11-06T07:21:47.200Z] Could not find functions.yaml. Must use http discovery
[debug] [2023-11-06T07:21:47.205Z] Found firebase-functions binary at 'C:\Users\Joshua\Documents\Codes\Firebase\new-angularfire-app\trial-angularfire\functions\node_modules\.bin\firebase-functions'
[info] Serving at port 8327

[debug] [2023-11-06T07:21:47.735Z] Got response from /__/functions.yaml {"endpoints":{"helloWorld":{"availableMemoryMb":null,"timeoutSeconds":null,"minInstances":null,"maxInstances":null,"ingressSettings":null,"concurrency":null,"serviceAccountEmail":null,"vpc":null,"platform":"gcfv2","labels":{},"httpsTrigger":{},"entryPoint":"helloWorld"}},"specVersion":"v1alpha1","requiredAPIs":[]}
[info] shutdown requested via /__/quitquitquit

[info] +  functions: Loaded functions definitions from source: helloWorld. {"metadata":{"emulator":{"name":"functions"},"message":"Loaded functions definitions from source: helloWorld."}}
[info] +  functions[us-central1-helloWorld]: http function initialized (http://127.0.0.1:5001/test-projects-aabaa/us-central1/helloWorld). {"metadata":{"emulator":{"name":"functions"},"message":"\u001b[1mhttp\u001b[22m function initialized (http://127.0.0.1:5001/test-projects-aabaa/us-central1/helloWorld)."}}
[info] 
┌─────────────────────────────────────────────────────────────┐
│ ✔  All emulators ready! It is now safe to connect your app. │
│ i  View Emulator UI at http://127.0.0.1:4000/               │
└─────────────────────────────────────────────────────────────┘

┌───────────┬────────────────┬─────────────────────────────────┐
│ Emulator  │ Host:Port      │ View in Emulator UI             │
├───────────┼────────────────┼─────────────────────────────────┤
│ Functions │ 127.0.0.1:5001 │ http://127.0.0.1:4000/functions │
└───────────┴────────────────┴─────────────────────────────────┘
  Emulator Hub running at 127.0.0.1:4400
  Other reserved ports: 4500

Issues? Report them at https://github.com/firebase/firebase-tools/issues and attach the *-debug.log files.
 
[debug] [2023-11-06T07:22:54.178Z] [work-queue] {"queuedWork":["/test-projects-aabaa/us-central1/helloWorld-2023-11-06T07:22:54.178Z"],"queueLength":1,"runningWork":[],"workRunningCount":0}
[debug] [2023-11-06T07:22:54.178Z] [work-queue] {"queuedWork":[],"queueLength":0,"runningWork":["/test-projects-aabaa/us-central1/helloWorld-2023-11-06T07:22:54.178Z"],"workRunningCount":1}
[debug] [2023-11-06T07:22:54.179Z] Accepted request GET /test-projects-aabaa/us-central1/helloWorld --> us-central1-helloWorld
[debug] [2023-11-06T07:22:54.182Z] [functions] Runtime ready! Sending request! {"metadata":{"emulator":{"name":"functions"},"message":"[functions] Runtime ready! Sending request!"}}
[debug] [2023-11-06T07:22:54.182Z] [functions] Got req.url=/test-projects-aabaa/us-central1/helloWorld, mapping to path=/ {"metadata":{"emulator":{"name":"functions"},"message":"[functions] Got req.url=/test-projects-aabaa/us-central1/helloWorld, mapping to path=/"}}
[debug] [2023-11-06T07:22:54.192Z] [worker-pool] addWorker(us-central1-helloWorld) {"metadata":{"emulator":{"name":"functions"},"message":"[worker-pool] addWorker(us-central1-helloWorld)"}}
[debug] [2023-11-06T07:22:54.193Z] [worker-pool] Adding worker with key us-central1-helloWorld, total=1 {"metadata":{"emulator":{"name":"functions"},"message":"[worker-pool] Adding worker with key us-central1-helloWorld, total=1"}}
[debug] [2023-11-06T07:22:55.111Z] [runtime-status] [11208] Resolved module firebase-admin {"declared":true,"installed":true,"version":"11.11.0","resolution":"C:\\Users\\Joshua\\Documents\\Codes\\Firebase\\new-angularfire-app\\trial-angularfire\\functions\\node_modules\\firebase-admin\\lib\\index.js"} {"metadata":{"emulator":{"name":"functions"},"function":{"name":"us-central1-helloWorld"},"extension":{},"message":"[runtime-status] [11208] Resolved module firebase-admin {\"declared\":true,\"installed\":true,\"version\":\"11.11.0\",\"resolution\":\"C:\\\\Users\\\\Joshua\\\\Documents\\\\Codes\\\\Firebase\\\\new-angularfire-app\\\\trial-angularfire\\\\functions\\\\node_modules\\\\firebase-admin\\\\lib\\\\index.js\"}"}}
[debug] [2023-11-06T07:22:55.111Z] [runtime-status] [11208] Resolved module firebase-functions {"declared":true,"installed":true,"version":"4.4.1","resolution":"C:\\Users\\Joshua\\Documents\\Codes\\Firebase\\new-angularfire-app\\trial-angularfire\\functions\\node_modules\\firebase-functions\\lib\\v1\\index.js"} {"metadata":{"emulator":{"name":"functions"},"function":{"name":"us-central1-helloWorld"},"extension":{},"message":"[runtime-status] [11208] Resolved module firebase-functions {\"declared\":true,\"installed\":true,\"version\":\"4.4.1\",\"resolution\":\"C:\\\\Users\\\\Joshua\\\\Documents\\\\Codes\\\\Firebase\\\\new-angularfire-app\\\\trial-angularfire\\\\functions\\\\node_modules\\\\firebase-functions\\\\lib\\\\v1\\\\index.js\"}"}}
[debug] [2023-11-06T07:22:55.112Z] [runtime-status] [11208] Outgoing network have been stubbed. [{"name":"http","status":"mocked"},{"name":"http","status":"mocked"},{"name":"https","status":"mocked"},{"name":"https","status":"mocked"},{"name":"net","status":"mocked"}] {"metadata":{"emulator":{"name":"functions"},"function":{"name":"us-central1-helloWorld"},"extension":{},"message":"[runtime-status] [11208] Outgoing network have been stubbed. [{\"name\":\"http\",\"status\":\"mocked\"},{\"name\":\"http\",\"status\":\"mocked\"},{\"name\":\"https\",\"status\":\"mocked\"},{\"name\":\"https\",\"status\":\"mocked\"},{\"name\":\"net\",\"status\":\"mocked\"}]"}}
[debug] [2023-11-06T07:22:55.112Z] [runtime-status] [11208] Resolved module firebase-functions {"declared":true,"installed":true,"version":"4.4.1","resolution":"C:\\Users\\Joshua\\Documents\\Codes\\Firebase\\new-angularfire-app\\trial-angularfire\\functions\\node_modules\\firebase-functions\\lib\\v1\\index.js"} {"metadata":{"emulator":{"name":"functions"},"function":{"name":"us-central1-helloWorld"},"extension":{},"message":"[runtime-status] [11208] Resolved module firebase-functions {\"declared\":true,\"installed\":true,\"version\":\"4.4.1\",\"resolution\":\"C:\\\\Users\\\\Joshua\\\\Documents\\\\Codes\\\\Firebase\\\\new-angularfire-app\\\\trial-angularfire\\\\functions\\\\node_modules\\\\firebase-functions\\\\lib\\\\v1\\\\index.js\"}"}}
[debug] [2023-11-06T07:22:55.358Z] [runtime-status] [11208] Checked functions.config() {"config":{}} {"metadata":{"emulator":{"name":"functions"},"function":{"name":"us-central1-helloWorld"},"extension":{},"message":"[runtime-status] [11208] Checked functions.config() {\"config\":{}}"}}
[debug] [2023-11-06T07:22:55.358Z] [runtime-status] [11208] firebase-functions has been stubbed. {"functionsResolution":{"declared":true,"installed":true,"version":"4.4.1","resolution":"C:\\Users\\Joshua\\Documents\\Codes\\Firebase\\new-angularfire-app\\trial-angularfire\\functions\\node_modules\\firebase-functions\\lib\\v1\\index.js"}} {"metadata":{"emulator":{"name":"functions"},"function":{"name":"us-central1-helloWorld"},"extension":{},"message":"[runtime-status] [11208] firebase-functions has been stubbed. {\"functionsResolution\":{\"declared\":true,\"installed\":true,\"version\":\"4.4.1\",\"resolution\":\"C:\\\\Users\\\\Joshua\\\\Documents\\\\Codes\\\\Firebase\\\\new-angularfire-app\\\\trial-angularfire\\\\functions\\\\node_modules\\\\firebase-functions\\\\lib\\\\v1\\\\index.js\"}}"}}
[debug] [2023-11-06T07:22:55.358Z] [runtime-status] [11208] Resolved module firebase-functions {"declared":true,"installed":true,"version":"4.4.1","resolution":"C:\\Users\\Joshua\\Documents\\Codes\\Firebase\\new-angularfire-app\\trial-angularfire\\functions\\node_modules\\firebase-functions\\lib\\v1\\index.js"} {"metadata":{"emulator":{"name":"functions"},"function":{"name":"us-central1-helloWorld"},"extension":{},"message":"[runtime-status] [11208] Resolved module firebase-functions {\"declared\":true,\"installed\":true,\"version\":\"4.4.1\",\"resolution\":\"C:\\\\Users\\\\Joshua\\\\Documents\\\\Codes\\\\Firebase\\\\new-angularfire-app\\\\trial-angularfire\\\\functions\\\\node_modules\\\\firebase-functions\\\\lib\\\\v1\\\\index.js\"}"}}
[debug] [2023-11-06T07:22:55.359Z] [runtime-status] [11208] Resolved module firebase-admin {"declared":true,"installed":true,"version":"11.11.0","resolution":"C:\\Users\\Joshua\\Documents\\Codes\\Firebase\\new-angularfire-app\\trial-angularfire\\functions\\node_modules\\firebase-admin\\lib\\index.js"} {"metadata":{"emulator":{"name":"functions"},"function":{"name":"us-central1-helloWorld"},"extension":{},"message":"[runtime-status] [11208] Resolved module firebase-admin {\"declared\":true,\"installed\":true,\"version\":\"11.11.0\",\"resolution\":\"C:\\\\Users\\\\Joshua\\\\Documents\\\\Codes\\\\Firebase\\\\new-angularfire-app\\\\trial-angularfire\\\\functions\\\\node_modules\\\\firebase-admin\\\\lib\\\\index.js\"}"}}
[debug] [2023-11-06T07:22:55.363Z] [runtime-status] [11208] Resolved module firebase-functions {"declared":true,"installed":true,"version":"4.4.1","resolution":"C:\\Users\\Joshua\\Documents\\Codes\\Firebase\\new-angularfire-app\\trial-angularfire\\functions\\node_modules\\firebase-functions\\lib\\v1\\index.js"} {"metadata":{"emulator":{"name":"functions"},"function":{"name":"us-central1-helloWorld"},"extension":{},"message":"[runtime-status] [11208] Resolved module firebase-functions {\"declared\":true,\"installed\":true,\"version\":\"4.4.1\",\"resolution\":\"C:\\\\Users\\\\Joshua\\\\Documents\\\\Codes\\\\Firebase\\\\new-angularfire-app\\\\trial-angularfire\\\\functions\\\\node_modules\\\\firebase-functions\\\\lib\\\\v1\\\\index.js\"}"}}
[debug] [2023-11-06T07:22:55.363Z] [runtime-status] [11208] firebase-admin has been stubbed. {"adminResolution":{"declared":true,"installed":true,"version":"11.11.0","resolution":"C:\\Users\\Joshua\\Documents\\Codes\\Firebase\\new-angularfire-app\\trial-angularfire\\functions\\node_modules\\firebase-admin\\lib\\index.js"}} {"metadata":{"emulator":{"name":"functions"},"function":{"name":"us-central1-helloWorld"},"extension":{},"message":"[runtime-status] [11208] firebase-admin has been stubbed. {\"adminResolution\":{\"declared\":true,\"installed\":true,\"version\":\"11.11.0\",\"resolution\":\"C:\\\\Users\\\\Joshua\\\\Documents\\\\Codes\\\\Firebase\\\\new-angularfire-app\\\\trial-angularfire\\\\functions\\\\node_modules\\\\firebase-admin\\\\lib\\\\index.js\"}}"}}
[debug] [2023-11-06T07:22:55.378Z] [runtime-status] [11208] Functions runtime initialized. {"cwd":"C:\\Users\\Joshua\\Documents\\Codes\\Firebase\\new-angularfire-app\\trial-angularfire\\functions","node_version":"18.18.0"} {"metadata":{"emulator":{"name":"functions"},"function":{"name":"us-central1-helloWorld"},"extension":{},"message":"[runtime-status] [11208] Functions runtime initialized. {\"cwd\":\"C:\\\\Users\\\\Joshua\\\\Documents\\\\Codes\\\\Firebase\\\\new-angularfire-app\\\\trial-angularfire\\\\functions\",\"node_version\":\"18.18.0\"}"}}
[debug] [2023-11-06T07:22:55.378Z] [runtime-status] [11208] Listening to port: \\?\pipe\fire_emu_f5ab386b0471483a {"metadata":{"emulator":{"name":"functions"},"function":{"name":"us-central1-helloWorld"},"extension":{},"message":"[runtime-status] [11208] Listening to port: \\\\?\\pipe\\fire_emu_f5ab386b0471483a"}}
[debug] [2023-11-06T07:22:55.409Z] [worker-us-central1-helloWorld-086ec587-7e7a-4866-a008-fda549519ced]: IDLE {"metadata":{"emulator":{"name":"functions"},"function":{"name":"us-central1-helloWorld"},"extension":{},"message":"[worker-us-central1-helloWorld-086ec587-7e7a-4866-a008-fda549519ced]: IDLE"}}
[debug] [2023-11-06T07:22:55.409Z] [worker-pool] submitRequest(triggerId=us-central1-helloWorld) {"metadata":{"emulator":{"name":"functions"},"message":"[worker-pool] submitRequest(triggerId=us-central1-helloWorld)"}}
[info] i  functions: Beginning execution of "us-central1-helloWorld" {"metadata":{"emulator":{"name":"functions"},"function":{"name":"us-central1-helloWorld"},"extension":{},"message":"Beginning execution of \"us-central1-helloWorld\""}}
[debug] [2023-11-06T07:22:55.410Z] [worker-us-central1-helloWorld-086ec587-7e7a-4866-a008-fda549519ced]: BUSY {"metadata":{"emulator":{"name":"functions"},"function":{"name":"us-central1-helloWorld"},"extension":{},"message":"[worker-us-central1-helloWorld-086ec587-7e7a-4866-a008-fda549519ced]: BUSY"}}
[info] >  {"structuredData":true,"severity":"INFO","message":"Hello logs!"} {"user":{"structuredData":true,"severity":"INFO","message":"Hello logs!"},"metadata":{"emulator":{"name":"functions"},"function":{"name":"us-central1-helloWorld"},"extension":{},"message":"\u001b[90m> \u001b[39m {\"structuredData\":true,\"severity\":\"INFO\",\"message\":\"Hello logs!\"}"}}
[info] >  {} {"user":{},"metadata":{"emulator":{"name":"functions"},"function":{"name":"us-central1-helloWorld"},"extension":{},"message":"\u001b[90m> \u001b[39m {}"}}
[debug] [2023-11-06T07:22:55.417Z] Finishing up request with event=pause {"metadata":{"emulator":{"name":"functions"},"function":{"name":"us-central1-helloWorld"},"extension":{},"message":"Finishing up request with event=pause"}}
[info] i  functions: Finished "us-central1-helloWorld" in 6.3645ms {"metadata":{"emulator":{"name":"functions"},"function":{"name":"us-central1-helloWorld"},"extension":{},"message":"Finished \"us-central1-helloWorld\" in 6.3645ms"}}
[debug] [2023-11-06T07:22:55.417Z] [worker-us-central1-helloWorld-086ec587-7e7a-4866-a008-fda549519ced]: IDLE {"metadata":{"emulator":{"name":"functions"},"function":{"name":"us-central1-helloWorld"},"extension":{},"message":"[worker-us-central1-helloWorld-086ec587-7e7a-4866-a008-fda549519ced]: IDLE"}}
[debug] [2023-11-06T07:22:55.417Z] Finishing up request with event=finish {"metadata":{"emulator":{"name":"functions"},"function":{"name":"us-central1-helloWorld"},"extension":{},"message":"Finishing up request with event=finish"}}
[debug] [2023-11-06T07:22:55.417Z] Finishing up request with event=close {"metadata":{"emulator":{"name":"functions"},"function":{"name":"us-central1-helloWorld"},"extension":{},"message":"Finishing up request with event=close"}}
[debug] [2023-11-06T07:22:55.417Z] [work-queue] {"queuedWork":[],"queueLength":0,"runningWork":[],"workRunningCount":0}
[debug] [2023-11-06T07:46:50.977Z] File C:\Users\Joshua\Documents\Codes\Firebase\new-angularfire-app\trial-angularfire\functions\src\index.ts changed, reloading triggers {"metadata":{"emulator":{"name":"functions"},"message":"File C:\\Users\\Joshua\\Documents\\Codes\\Firebase\\new-angularfire-app\\trial-angularfire\\functions\\src\\index.ts changed, reloading triggers"}}
[debug] [2023-11-06T07:46:51.990Z] Validating nodejs source
[warn] !  functions: package.json indicates an outdated version of firebase-functions. Please upgrade using npm install --save firebase-functions@latest in your functions directory. 
[debug] [2023-11-06T07:46:55.120Z] > [functions] package.json contents: {
  "name": "functions",
  "scripts": {
    "lint": "eslint --ext .js,.ts .",
    "build": "tsc",
    "build:watch": "tsc --watch",
    "serve": "npm run build && firebase emulators:start --only functions",
    "shell": "npm run build && firebase functions:shell",
    "start": "npm run shell",
    "deploy": "firebase deploy --only functions",
    "logs": "firebase functions:log"
  },
  "engines": {
    "node": "18"
  },
  "main": "lib/index.js",
  "dependencies": {
    "firebase-admin": "^11.8.0",
    "firebase-functions": "^4.3.1"
  },
  "devDependencies": {
    "@typescript-eslint/eslint-plugin": "^5.12.0",
    "@typescript-eslint/parser": "^5.12.0",
    "eslint": "^8.9.0",
    "eslint-config-google": "^0.14.0",
    "eslint-plugin-import": "^2.25.4",
    "firebase-functions-test": "^3.1.0",
    "typescript": "^4.9.0"
  },
  "private": true
}
[debug] [2023-11-06T07:46:55.121Z] Building nodejs source
[debug] [2023-11-06T07:46:55.121Z] Failed to find version of module node: reached end of search path C:\Users\Joshua\Documents\Codes\Firebase\new-angularfire-app\trial-angularfire\functions\node_modules
[info] +  functions: Using node@18 from host. 
[debug] [2023-11-06T07:46:55.122Z] Could not find functions.yaml. Must use http discovery
[debug] [2023-11-06T07:46:55.127Z] Found firebase-functions binary at 'C:\Users\Joshua\Documents\Codes\Firebase\new-angularfire-app\trial-angularfire\functions\node_modules\.bin\firebase-functions'
[info] Serving at port 8630

[debug] [2023-11-06T07:46:55.446Z] Got response from /__/functions.yaml {"endpoints":{"helloWorld":{"availableMemoryMb":null,"timeoutSeconds":null,"minInstances":null,"maxInstances":null,"ingressSettings":null,"concurrency":null,"serviceAccountEmail":null,"vpc":null,"platform":"gcfv2","labels":{},"httpsTrigger":{},"entryPoint":"helloWorld"}},"specVersion":"v1alpha1","requiredAPIs":[]}
[info] shutdown requested via /__/quitquitquit

[info] +  functions: Loaded functions definitions from source: helloWorld. {"metadata":{"emulator":{"name":"functions"},"message":"Loaded functions definitions from source: helloWorld."}}
[debug] [2023-11-06T07:46:55.466Z] [worker-pool] Shutting down IDLE worker (us-central1-helloWorld) {"metadata":{"emulator":{"name":"functions"},"message":"[worker-pool] Shutting down IDLE worker (us-central1-helloWorld)"}}
[debug] [2023-11-06T07:46:55.466Z] [worker-us-central1-helloWorld-086ec587-7e7a-4866-a008-fda549519ced]: FINISHING {"metadata":{"emulator":{"name":"functions"},"function":{"name":"us-central1-helloWorld"},"extension":{},"message":"[worker-us-central1-helloWorld-086ec587-7e7a-4866-a008-fda549519ced]: FINISHING"}}
[debug] [2023-11-06T07:46:55.477Z] [worker-us-central1-helloWorld-086ec587-7e7a-4866-a008-fda549519ced]: exited {"metadata":{"emulator":{"name":"functions"},"function":{"name":"us-central1-helloWorld"},"extension":{},"message":"[worker-us-central1-helloWorld-086ec587-7e7a-4866-a008-fda549519ced]: exited"}}
[debug] [2023-11-06T07:46:55.477Z] [worker-us-central1-helloWorld-086ec587-7e7a-4866-a008-fda549519ced]: FINISHED {"metadata":{"emulator":{"name":"functions"},"function":{"name":"us-central1-helloWorld"},"extension":{},"message":"[worker-us-central1-helloWorld-086ec587-7e7a-4866-a008-fda549519ced]: FINISHED"}}
[debug] [2023-11-06T09:23:32.280Z] Received signal SIGHUP 1
